Determining if the pthread_create exist failed with the following output:
Change Dir: /home/joao/mestrado/warp-transducer/build/CMakeFiles/CMakeTmp

Run Build Command:"/bin/gmake" "cmTC_29b85/fast"
/bin/gmake -f CMakeFiles/cmTC_29b85.dir/build.make CMakeFiles/cmTC_29b85.dir/build
gmake[1]: Entering directory '/home/joao/mestrado/warp-transducer/build/CMakeFiles/CMakeTmp'
Building C object CMakeFiles/cmTC_29b85.dir/CheckSymbolExists.c.o
/usr/bin/cc   -fPIC    -o CMakeFiles/cmTC_29b85.dir/CheckSymbolExists.c.o   -c /home/joao/mestrado/warp-transducer/build/CMakeFiles/CMakeTmp/CheckSymbolExists.c
Linking C executable cmTC_29b85
/usr/bin/cmake -E cmake_link_script CMakeFiles/cmTC_29b85.dir/link.txt --verbose=1
/usr/bin/cc -fPIC     -rdynamic CMakeFiles/cmTC_29b85.dir/CheckSymbolExists.c.o  -o cmTC_29b85 
CMakeFiles/cmTC_29b85.dir/CheckSymbolExists.c.o: In function `main':
CheckSymbolExists.c:(.text+0x1b): undefined reference to `pthread_create'
collect2: error: ld returned 1 exit status
CMakeFiles/cmTC_29b85.dir/build.make:97: recipe for target 'cmTC_29b85' failed
gmake[1]: *** [cmTC_29b85] Error 1
gmake[1]: Leaving directory '/home/joao/mestrado/warp-transducer/build/CMakeFiles/CMakeTmp'
Makefile:126: recipe for target 'cmTC_29b85/fast' failed
gmake: *** [cmTC_29b85/fast] Error 2

File /home/joao/mestrado/warp-transducer/build/CMakeFiles/CMakeTmp/CheckSymbolExists.c:
/* */
#include <pthread.h>

int main(int argc, char** argv)
{
  (void)argv;
#ifndef pthread_create
  return ((int*)(&pthread_create))[argc];
#else
  (void)argc;
  return 0;
#endif
}

Determining if the function pthread_create exists in the pthreads failed with the following output:
Change Dir: /home/joao/mestrado/warp-transducer/build/CMakeFiles/CMakeTmp

Run Build Command:"/bin/gmake" "cmTC_5d732/fast"
/bin/gmake -f CMakeFiles/cmTC_5d732.dir/build.make CMakeFiles/cmTC_5d732.dir/build
gmake[1]: Entering directory '/home/joao/mestrado/warp-transducer/build/CMakeFiles/CMakeTmp'
Building C object CMakeFiles/cmTC_5d732.dir/CheckFunctionExists.c.o
/usr/bin/cc   -fPIC -DCHECK_FUNCTION_EXISTS=pthread_create   -o CMakeFiles/cmTC_5d732.dir/CheckFunctionExists.c.o   -c /usr/share/cmake-3.10/Modules/CheckFunctionExists.c
Linking C executable cmTC_5d732
/usr/bin/cmake -E cmake_link_script CMakeFiles/cmTC_5d732.dir/link.txt --verbose=1
/usr/bin/cc -fPIC -DCHECK_FUNCTION_EXISTS=pthread_create    -rdynamic CMakeFiles/cmTC_5d732.dir/CheckFunctionExists.c.o  -o cmTC_5d732 -lpthreads 
/usr/bin/ld: cannot find -lpthreads
collect2: error: ld returned 1 exit status
CMakeFiles/cmTC_5d732.dir/build.make:97: recipe for target 'cmTC_5d732' failed
gmake[1]: *** [cmTC_5d732] Error 1
gmake[1]: Leaving directory '/home/joao/mestrado/warp-transducer/build/CMakeFiles/CMakeTmp'
Makefile:126: recipe for target 'cmTC_5d732/fast' failed
gmake: *** [cmTC_5d732/fast] Error 2


